This is pdfTeX, Version 3.14159265-2.6-1.40.20 (MiKTeX 2.9.7140 64-bit) (preloaded format=pdflatex 2019.8.26)  6 DEC 2021 15:36
entering extended mode
**"c:/Users/sz460e/Documents/School/Computer Security/Assignments/Final Project/9. MSDND/whitesidesMatthew_CS6600_Project_Report.tex"
("c:/Users/sz460e/Documents/School/Computer Security/Assignments/Final Project/9. MSDND/whitesidesMatthew_CS6600_Project_Report.tex"
LaTeX2e <2018-12-01>
("c:/Users\sz460e\Documents\School\Computer Security\Assignments\Final Project\9. MSDND\IEEEtran.cls"
Document Class: IEEEtran 2015/08/26 V1.8b by Michael Shell
-- See the "IEEEtran_HOWTO" manual for usage information.
-- http://www.michaelshell.org/tex/ieeetran/
\@IEEEtrantmpdimenA=\dimen102
\@IEEEtrantmpdimenB=\dimen103
\@IEEEtrantmpdimenC=\dimen104
\@IEEEtrantmpcountA=\count80
\@IEEEtrantmpcountB=\count81
\@IEEEtrantmpcountC=\count82
\@IEEEtrantmptoksA=\toks14
LaTeX Font Info:    Try loading font information for OT1+ppl on input line 503.
("C:\Users\sz460e\AppData\Local\Programs\MiKTeX 2.9\tex/latex/psnfss\ot1ppl.fd"
File: ot1ppl.fd 2001/06/04 font definitions for OT1/ppl.
)
-- Using IEEE Computer Society mode.
-- Using 8.5in x 11in (letter) paper.
-- Using PDF output.
\@IEEEnormalsizeunitybaselineskip=\dimen105
-- This is a 10 point document.
\CLASSINFOnormalsizebaselineskip=\dimen106
\CLASSINFOnormalsizeunitybaselineskip=\dimen107
\IEEEnormaljot=\dimen108
LaTeX Font Info:    Font shape `OT1/ppl/bx/n' in size <5.01874> not available
(Font)              Font shape `OT1/ppl/b/n' tried instead on input line 1090.
LaTeX Font Info:    Font shape `OT1/ppl/bx/it' in size <5.01874> not available
(Font)              Font shape `OT1/ppl/b/it' tried instead on input line 1090.
LaTeX Font Info:    Font shape `OT1/ppl/bx/n' in size <7.02625> not available
(Font)              Font shape `OT1/ppl/b/n' tried instead on input line 1090.
LaTeX Font Info:    Font shape `OT1/ppl/bx/it' in size <7.02625> not available
(Font)              Font shape `OT1/ppl/b/it' tried instead on input line 1090.
LaTeX Font Info:    Font shape `OT1/ppl/bx/n' in size <8.03> not available
(Font)              Font shape `OT1/ppl/b/n' tried instead on input line 1090.
LaTeX Font Info:    Font shape `OT1/ppl/bx/it' in size <8.03> not available
(Font)              Font shape `OT1/ppl/b/it' tried instead on input line 1090.
LaTeX Font Info:    Font shape `OT1/ppl/bx/n' in size <9.03374> not available
(Font)              Font shape `OT1/ppl/b/n' tried instead on input line 1090.
LaTeX Font Info:    Font shape `OT1/ppl/bx/it' in size <9.03374> not available
(Font)              Font shape `OT1/ppl/b/it' tried instead on input line 1090.
LaTeX Font Info:    Font shape `OT1/ppl/bx/n' in size <9.53561> not available
(Font)              Font shape `OT1/ppl/b/n' tried instead on input line 1090.
LaTeX Font Info:    Font shape `OT1/ppl/bx/it' in size <9.53561> not available
(Font)              Font shape `OT1/ppl/b/it' tried instead on input line 1090.
LaTeX Font Info:    Font shape `OT1/ppl/bx/n' in size <11.04124> not available
(Font)              Font shape `OT1/ppl/b/n' tried instead on input line 1090.
LaTeX Font Info:    Font shape `OT1/ppl/bx/it' in size <11.04124> not available
(Font)              Font shape `OT1/ppl/b/it' tried instead on input line 1090.
LaTeX Font Info:    Font shape `OT1/ppl/bx/n' in size <12.045> not available
(Font)              Font shape `OT1/ppl/b/n' tried instead on input line 1090.
LaTeX Font Info:    Font shape `OT1/ppl/bx/it' in size <12.045> not available
(Font)              Font shape `OT1/ppl/b/it' tried instead on input line 1090.
LaTeX Font Info:    Font shape `OT1/ppl/bx/n' in size <17.06374> not available
(Font)              Font shape `OT1/ppl/b/n' tried instead on input line 1090.
LaTeX Font Info:    Font shape `OT1/ppl/bx/it' in size <17.06374> not available
(Font)              Font shape `OT1/ppl/b/it' tried instead on input line 1090.
LaTeX Font Info:    Font shape `OT1/ppl/bx/n' in size <20.075> not available
(Font)              Font shape `OT1/ppl/b/n' tried instead on input line 1090.
LaTeX Font Info:    Font shape `OT1/ppl/bx/it' in size <20.075> not available
(Font)              Font shape `OT1/ppl/b/it' tried instead on input line 1090.
LaTeX Font Info:    Font shape `OT1/ppl/bx/n' in size <24.09> not available
(Font)              Font shape `OT1/ppl/b/n' tried instead on input line 1090.
LaTeX Font Info:    Font shape `OT1/ppl/bx/it' in size <24.09> not available
(Font)              Font shape `OT1/ppl/b/it' tried instead on input line 1090.
\IEEEquantizedlength=\dimen109
\IEEEquantizedlengthdiff=\dimen110
\IEEEquantizedtextheightdiff=\dimen111
\IEEEilabelindentA=\dimen112
\IEEEilabelindentB=\dimen113
\IEEEilabelindent=\dimen114
\IEEEelabelindent=\dimen115
\IEEEdlabelindent=\dimen116
\IEEElabelindent=\dimen117
\IEEEiednormlabelsep=\dimen118
\IEEEiedmathlabelsep=\dimen119
\IEEEiedtopsep=\skip41
\c@section=\count83
\c@subsection=\count84
\c@subsubsection=\count85
\c@paragraph=\count86
\c@IEEEsubequation=\count87
\abovecaptionskip=\skip42
\belowcaptionskip=\skip43
\c@figure=\count88
\c@table=\count89
\@IEEEeqnnumcols=\count90
\@IEEEeqncolcnt=\count91
\@IEEEsubeqnnumrollback=\count92
\@IEEEquantizeheightA=\dimen120
\@IEEEquantizeheightB=\dimen121
\@IEEEquantizeheightC=\dimen122
\@IEEEquantizeprevdepth=\dimen123
\@IEEEquantizemultiple=\count93
\@IEEEquantizeboxA=\box27
\@IEEEtmpitemindent=\dimen124
\IEEEPARstartletwidth=\dimen125
\c@IEEEbiography=\count94
\@IEEEtranrubishbin=\box28
) (C:/Users/sz460e/AppData/Local/Programs/MiKTeX_Repo\tex/latex/cite\cite.sty
LaTeX Info: Redefining \cite on input line 302.
LaTeX Info: Redefining \nocite on input line 332.
Package: cite 2015/02/27  v 5.5
) ("C:\Users\sz460e\AppData\Local\Programs\MiKTeX 2.9\tex/latex/graphics\graphicx.sty"
Package: graphicx 2017/06/01 v1.1a Enhanced LaTeX Graphics (DPC,SPQR)
 ("C:\Users\sz460e\AppData\Local\Programs\MiKTeX 2.9\tex/latex/graphics\keyval.sty"
Package: keyval 2014/10/28 v1.15 key=value parser (DPC)
\KV@toks@=\toks15
) ("C:\Users\sz460e\AppData\Local\Programs\MiKTeX 2.9\tex/latex/graphics\graphics.sty"
Package: graphics 2017/06/25 v1.2c Standard LaTeX Graphics (DPC,SPQR)
 ("C:\Users\sz460e\AppData\Local\Programs\MiKTeX 2.9\tex/latex/graphics\trig.sty"
Package: trig 2016/01/03 v1.10 sin cos tan (DPC)
) ("C:\Users\sz460e\AppData\Local\Programs\MiKTeX 2.9\tex/latex/graphics-cfg\graphics.cfg"
File: graphics.cfg 2016/06/04 v1.11 sample graphics configuration
)
Package graphics Info: Driver file: pdftex.def on input line 99.
 ("C:\Users\sz460e\AppData\Local\Programs\MiKTeX 2.9\tex/latex/graphics-def\pdftex.def"
File: pdftex.def 2018/01/08 v1.0l Graphics/color driver for pdftex
))
\Gin@req@height=\dimen126
\Gin@req@width=\dimen127
) ("C:\Users\sz460e\AppData\Local\Programs\MiKTeX 2.9\tex/latex/amsfonts\amssymb.sty"
Package: amssymb 2013/01/14 v3.01 AMS font symbols
 ("C:\Users\sz460e\AppData\Local\Programs\MiKTeX 2.9\tex/latex/amsfonts\amsfonts.sty"
Package: amsfonts 2013/01/14 v3.01 Basic AMSFonts support
\@emptytoks=\toks16
\symAMSa=\mathgroup4
\symAMSb=\mathgroup5
LaTeX Font Info:    Overwriting math alphabet `\mathfrak' in version `bold'
(Font)                  U/euf/m/n --> U/euf/b/n on input line 106.
)) ("C:\Users\sz460e\AppData\Local\Programs\MiKTeX 2.9\tex/latex/amsmath\amsmath.sty"
Package: amsmath 2018/12/01 v2.17b AMS math features
\@mathmargin=\skip44

For additional information on amsmath, use the `?' option.
("C:\Users\sz460e\AppData\Local\Programs\MiKTeX 2.9\tex/latex/amsmath\amstext.sty"
Package: amstext 2000/06/29 v2.01 AMS text
 ("C:\Users\sz460e\AppData\Local\Programs\MiKTeX 2.9\tex/latex/amsmath\amsgen.sty"
File: amsgen.sty 1999/11/30 v2.0 generic functions
\@emptytoks=\toks17
\ex@=\dimen128
)) ("C:\Users\sz460e\AppData\Local\Programs\MiKTeX 2.9\tex/latex/amsmath\amsbsy.sty"
Package: amsbsy 1999/11/29 v1.2d Bold Symbols
\pmbraise@=\dimen129
) ("C:\Users\sz460e\AppData\Local\Programs\MiKTeX 2.9\tex/latex/amsmath\amsopn.sty"
Package: amsopn 2016/03/08 v2.02 operator names
)
\inf@bad=\count95
LaTeX Info: Redefining \frac on input line 223.
\uproot@=\count96
\leftroot@=\count97
LaTeX Info: Redefining \overline on input line 385.
\classnum@=\count98
\DOTSCASE@=\count99
LaTeX Info: Redefining \ldots on input line 482.
LaTeX Info: Redefining \dots on input line 485.
LaTeX Info: Redefining \cdots on input line 606.
\Mathstrutbox@=\box29
\strutbox@=\box30
\big@size=\dimen130
LaTeX Font Info:    Redeclaring font encoding OML on input line 729.
LaTeX Font Info:    Redeclaring font encoding OMS on input line 730.
\macc@depth=\count100
\c@MaxMatrixCols=\count101
\dotsspace@=\muskip10
\c@parentequation=\count102
\dspbrk@lvl=\count103
\tag@help=\toks18
\row@=\count104
\column@=\count105
\maxfields@=\count106
\andhelp@=\toks19
\eqnshift@=\dimen131
\alignsep@=\dimen132
\tagshift@=\dimen133
\tagwidth@=\dimen134
\totwidth@=\dimen135
\lineht@=\dimen136
\@envbody=\toks20
\multlinegap=\skip45
\multlinetaggap=\skip46
\mathdisplay@stack=\toks21
LaTeX Info: Redefining \[ on input line 2844.
LaTeX Info: Redefining \] on input line 2845.
) (C:/Users/sz460e/AppData/Local/Programs/MiKTeX_Repo\tex/latex/listings\listings.sty
\lst@mode=\count107
\lst@gtempboxa=\box31
\lst@token=\toks22
\lst@length=\count108
\lst@currlwidth=\dimen137
\lst@column=\count109
\lst@pos=\count110
\lst@lostspace=\dimen138
\lst@width=\dimen139
\lst@newlines=\count111
\lst@lineno=\count112
\lst@maxwidth=\dimen140
 (C:/Users/sz460e/AppData/Local/Programs/MiKTeX_Repo\tex/latex/listings\lstmisc.sty
File: lstmisc.sty 2015/06/04 1.6 (Carsten Heinz)
\c@lstnumber=\count113
\lst@skipnumbers=\count114
\lst@framebox=\box32
) (C:/Users/sz460e/AppData/Local/Programs/MiKTeX_Repo\tex/latex/listings\listings.cfg
File: listings.cfg 2015/06/04 1.6 listings configuration
))
Package: listings 2015/06/04 1.6 (Carsten Heinz)
 ("C:\Users\sz460e\AppData\Local\Programs\MiKTeX 2.9\tex/latex/graphics\color.sty"
Package: color 2016/07/10 v1.1e Standard LaTeX Color (DPC)
 ("C:\Users\sz460e\AppData\Local\Programs\MiKTeX 2.9\tex/latex/graphics-cfg\color.cfg"
File: color.cfg 2016/01/02 v1.6 sample color configuration
)
Package color Info: Driver file: pdftex.def on input line 147.
) (C:/Users/sz460e/AppData/Local/Programs/MiKTeX_Repo\tex/latex/xcolor\xcolor.sty
Package: xcolor 2016/05/11 v2.12 LaTeX color extensions (UK)
 ("C:\Users\sz460e\AppData\Local\Programs\MiKTeX 2.9\tex/latex/graphics-cfg\color.cfg"
File: color.cfg 2016/01/02 v1.6 sample color configuration
)
Package xcolor Info: Driver file: pdftex.def on input line 225.
 ("C:\Users\sz460e\AppData\Local\Programs\MiKTeX 2.9\tex/latex/colortbl\colortbl.sty"
Package: colortbl 2020/01/04 v1.0e Color table columns (DPC)
 ("C:\Users\sz460e\AppData\Local\Programs\MiKTeX 2.9\tex/latex/tools\array.sty"
Package: array 2018/12/30 v2.4k Tabular extension package (FMi)
\col@sep=\dimen141
\ar@mcellbox=\box33
\extrarowheight=\dimen142
\NC@list=\toks23
\extratabsurround=\skip47
\backup@length=\skip48
\ar@cellbox=\box34
)
\everycr=\toks24
\minrowclearance=\skip49
)
LaTeX Info: Redefining \color on input line 709.
\rownum=\count115
Package xcolor Info: Model `cmy' substituted by `cmy0' on input line 1348.
Package xcolor Info: Model `hsb' substituted by `rgb' on input line 1352.
Package xcolor Info: Model `RGB' extended on input line 1364.
Package xcolor Info: Model `HTML' substituted by `rgb' on input line 1366.
Package xcolor Info: Model `Hsb' substituted by `hsb' on input line 1367.
Package xcolor Info: Model `tHsb' substituted by `hsb' on input line 1368.
Package xcolor Info: Model `HSB' substituted by `hsb' on input line 1369.
Package xcolor Info: Model `Gray' substituted by `gray' on input line 1370.
Package xcolor Info: Model `wave' substituted by `hsb' on input line 1371.
) (C:/Users/sz460e/AppData/Local/Programs/MiKTeX_Repo\tex/latex/listings\lstlang1.sty
File: lstlang1.sty 2015/06/04 1.6 listings language file
) ("c:/Users\sz460e\Documents\School\Computer Security\Assignments\Final Project\9. MSDND\whitesidesMatthew_CS6600_Project_Report.aux")
\openout1 = `whitesidesMatthew_CS6600_Project_Report.aux'.

LaTeX Font Info:    Checking defaults for OML/cmm/m/it on input line 63.
LaTeX Font Info:    ... okay on input line 63.
LaTeX Font Info:    Checking defaults for T1/cmr/m/n on input line 63.
LaTeX Font Info:    ... okay on input line 63.
LaTeX Font Info:    Checking defaults for OT1/cmr/m/n on input line 63.
LaTeX Font Info:    ... okay on input line 63.
LaTeX Font Info:    Checking defaults for OMS/cmsy/m/n on input line 63.
LaTeX Font Info:    ... okay on input line 63.
LaTeX Font Info:    Checking defaults for OMX/cmex/m/n on input line 63.
LaTeX Font Info:    ... okay on input line 63.
LaTeX Font Info:    Checking defaults for U/cmr/m/n on input line 63.
LaTeX Font Info:    ... okay on input line 63.

-- Lines per column: 61 (exact).
(C:/Users/sz460e/AppData/Local/Programs/MiKTeX_Repo\tex/context/base/mkii\supp-pdf.mkii
[Loading MPS to PDF converter (version 2006.09.02).]
\scratchcounter=\count116
\scratchdimen=\dimen143
\scratchbox=\box35
\nofMPsegments=\count117
\nofMParguments=\count118
\everyMPshowfont=\toks25
\MPscratchCnt=\count119
\MPscratchDim=\dimen144
\MPnumerator=\count120
\makeMPintoPDFobject=\count121
\everyMPtoPDFconversion=\toks26
) ("C:\Users\sz460e\AppData\Local\Programs\MiKTeX 2.9\tex/latex/oberdiek\epstopdf-base.sty"
Package: epstopdf-base 2016/05/15 v2.6 Base part for package epstopdf
 ("C:\Users\sz460e\AppData\Local\Programs\MiKTeX 2.9\tex/generic/oberdiek\infwarerr.sty"
Package: infwarerr 2016/05/16 v1.4 Providing info/warning/error messages (HO)
) ("C:\Users\sz460e\AppData\Local\Programs\MiKTeX 2.9\tex/latex/oberdiek\grfext.sty"
Package: grfext 2016/05/16 v1.2 Manage graphics extensions (HO)
 ("C:\Users\sz460e\AppData\Local\Programs\MiKTeX 2.9\tex/generic/oberdiek\kvdefinekeys.sty"
Package: kvdefinekeys 2016/05/16 v1.4 Define keys (HO)
 ("C:\Users\sz460e\AppData\Local\Programs\MiKTeX 2.9\tex/generic/oberdiek\ltxcmds.sty"
Package: ltxcmds 2016/05/16 v1.23 LaTeX kernel commands for general use (HO)
))) ("C:\Users\sz460e\AppData\Local\Programs\MiKTeX 2.9\tex/latex/oberdiek\kvoptions.sty"
Package: kvoptions 2016/05/16 v3.12 Key value format for package options (HO)
 ("C:\Users\sz460e\AppData\Local\Programs\MiKTeX 2.9\tex/generic/oberdiek\kvsetkeys.sty"
Package: kvsetkeys 2016/05/16 v1.17 Key value parser (HO)
 ("C:\Users\sz460e\AppData\Local\Programs\MiKTeX 2.9\tex/generic/oberdiek\etexcmds.sty"
Package: etexcmds 2016/05/16 v1.6 Avoid name clashes with e-TeX commands (HO)
 ("C:\Users\sz460e\AppData\Local\Programs\MiKTeX 2.9\tex/generic/oberdiek\ifluatex.sty"
Package: ifluatex 2016/05/16 v1.4 Provides the ifluatex switch (HO)
Package ifluatex Info: LuaTeX not detected.
)))) ("C:\Users\sz460e\AppData\Local\Programs\MiKTeX 2.9\tex/generic/oberdiek\pdftexcmds.sty"
Package: pdftexcmds 2019/07/25 v0.30 Utility functions of pdfTeX for LuaTeX (HO)
 ("C:\Users\sz460e\AppData\Local\Programs\MiKTeX 2.9\tex/generic/oberdiek\ifpdf.sty"
Package: ifpdf 2018/09/07 v3.3 Provides the ifpdf switch
)
Package pdftexcmds Info: LuaTeX not detected.
Package pdftexcmds Info: \pdf@primitive is available.
Package pdftexcmds Info: \pdf@ifprimitive is available.
Package pdftexcmds Info: \pdfdraftmode found.
)
Package epstopdf-base Info: Redefining graphics rule for `.eps' on input line 438.
Package grfext Info: Graphics extension search list:
(grfext)             [.pdf,.png,.jpg,.mps,.jpeg,.jbig2,.jb2,.PDF,.PNG,.JPG,.JPEG,.JBIG2,.JB2,.eps]
(grfext)             \AppendGraphicsExtensions on input line 456.
)
\c@lstlisting=\count122
LaTeX Font Info:    Try loading font information for OT1+phv on input line 82.
 ("C:\Users\sz460e\AppData\Local\Programs\MiKTeX 2.9\tex/latex/psnfss\ot1phv.fd"
File: ot1phv.fd 2001/06/04 scalable font definitions for OT1/phv.
)
LaTeX Font Info:    Font shape `OT1/phv/bx/n' in size <8.03> not available
(Font)              Font shape `OT1/phv/b/n' tried instead on input line 82.
LaTeX Font Info:    Calculating math sizes for size <11.04124> on input line 82.
LaTeX Font Info:    Try loading font information for U+msa on input line 82.
 ("C:\Users\sz460e\AppData\Local\Programs\MiKTeX 2.9\tex/latex/amsfonts\umsa.fd"
File: umsa.fd 2013/01/14 v3.01 AMS symbols A
)
LaTeX Font Info:    Try loading font information for U+msb on input line 82.
 ("C:\Users\sz460e\AppData\Local\Programs\MiKTeX 2.9\tex/latex/amsfonts\umsb.fd"
File: umsb.fd 2013/01/14 v3.01 AMS symbols B
)
LaTeX Font Info:    Try loading font information for U+pzd on input line 82.
 ("C:\Users\sz460e\AppData\Local\Programs\MiKTeX 2.9\tex/latex/psnfss\upzd.fd"
File: upzd.fd 2001/06/04 font definitions for U/pzd.
)
LaTeX Font Info:    Font shape `OT1/phv/bx/n' in size <11.04124> not available
(Font)              Font shape `OT1/phv/b/n' tried instead on input line 88.
LaTeX Font Info:    Font shape `OT1/phv/bx/sc' in size <11.04124> not available
(Font)              Font shape `OT1/phv/b/sc' tried instead on input line 88.
LaTeX Font Info:    Font shape `OT1/phv/bx/n' in size <9.53561> not available
(Font)              Font shape `OT1/phv/b/n' tried instead on input line 90.
LaTeX Font Info:    Font shape `OT1/phv/m/it' in size <9.53561> not available
(Font)              Font shape `OT1/phv/m/sl' tried instead on input line 102.


LaTeX Warning: No positions in optional float specifier.
               Default added (so using `tbp') on input line 104.

LaTeX Font Info:    Calculating math sizes for size <8.03> on input line 106.

LaTeX Warning: No positions in optional float specifier.
               Default added (so using `tbp') on input line 121.


LaTeX Warning: No positions in optional float specifier.
               Default added (so using `tbp') on input line 135.


LaTeX Warning: No positions in optional float specifier.
               Default added (so using `tbp') on input line 157.

LaTeX Font Info:    Calculating math sizes for size <9.53561> on input line 183.
[1{C:/Users/sz460e/AppData/Local/MiKTeX/2.9/pdftex/config/pdftex.map}


]
LaTeX Font Info:    Try loading font information for OT1+pcr on input line 213.
 ("C:\Users\sz460e\AppData\Local\Programs\MiKTeX 2.9\tex/latex/psnfss\ot1pcr.fd"
File: ot1pcr.fd 2001/06/04 font definitions for OT1/pcr.
)
Underfull \vbox (badness 10000) has occurred while \output is active []

 [2] [3]
<Images/TGModel1.png, id=22, 282.05376pt x 201.75375pt>
File: Images/TGModel1.png Graphic file (type png)
<use Images/TGModel1.png>
Package pdftex.def Info: Images/TGModel1.png  used on input line 364.
(pdftex.def)             Requested size: 197.43626pt x 141.22665pt.
<Images/TGModel2.png, id=24, 312.16624pt x 268.00125pt>
File: Images/TGModel2.png Graphic file (type png)
<use Images/TGModel2.png>
Package pdftex.def Info: Images/TGModel2.png  used on input line 371.
(pdftex.def)             Requested size: 218.51488pt x 187.59958pt.

Underfull \hbox (badness 1755) in paragraph at lines 374--376
[]\OT1/ppl/m/n/9.53561 Figure 3 shows the state af-ter the \OT1/ppl/b/n/9.53561 EC \OT1/ppl/m/n/9.53561 leads the
 []

<Images/TGModel3.png, id=25, 312.16624pt x 268.00125pt>
File: Images/TGModel3.png Graphic file (type png)
<use Images/TGModel3.png>
Package pdftex.def Info: Images/TGModel3.png  used on input line 379.
(pdftex.def)             Requested size: 218.51488pt x 187.59958pt.

Underfull \hbox (badness 10000) in paragraph at lines 382--383
[]\OT1/ppl/m/n/9.53561 Therefore al-low-ing EC to ex-e-cute \OT1/ppl/m/it/9.53561 up-
 []


Underfull \hbox (badness 1910) in paragraph at lines 382--383
\OT1/ppl/m/it/9.53561 date[]flight[]record[]system(EC, FR) \OT1/ppl/m/n/9.53561 which leaks ac-cess to
 []

<Images/TGModel4.png, id=26, 312.16624pt x 268.00125pt>
File: Images/TGModel4.png Graphic file (type png)
<use Images/TGModel4.png>
Package pdftex.def Info: Images/TGModel4.png  used on input line 386.
(pdftex.def)             Requested size: 218.51488pt x 187.59958pt.
[4 <c:/Users/sz460e/Documents/School/Computer Security/Assignments/Final Project/9. MSDND/Images/TGModel1.png> <c:/Users/sz460e/Documents/School/Computer Security/Assignments/Final Project/9. MSDND/Images/TGModel2.png> <c:/Users/sz460e/Documents/School/Computer Security/Assignments/Final Project/9. MSDND/Images/TGModel3.png>]

LaTeX Warning: No positions in optional float specifier.
               Default added (so using `tbp') on input line 403.


LaTeX Warning: No positions in optional float specifier.
               Default added (so using `tbp') on input line 418.


LaTeX Warning: No positions in optional float specifier.
               Default added (so using `tbp') on input line 481.

LaTeX Font Info:    Try loading font information for OMS+ppl on input line 489.
("C:\Users\sz460e\AppData\Local\Programs\MiKTeX 2.9\tex/latex/psnfss\omsppl.fd"
File: omsppl.fd 
)
LaTeX Font Info:    Font shape `OMS/ppl/m/n' in size <8.03> not available
(Font)              Font shape `OMS/cmsy/m/n' tried instead on input line 489.
 [5 <c:/Users/sz460e/Documents/School/Computer Security/Assignments/Final Project/9. MSDND/Images/TGModel4.png>]

LaTeX Warning: No positions in optional float specifier.
               Default added (so using `tbp') on input line 515.


LaTeX Warning: No positions in optional float specifier.
               Default added (so using `tbp') on input line 529.


LaTeX Warning: No positions in optional float specifier.
               Default added (so using `tbp') on input line 542.


LaTeX Warning: No positions in optional float specifier.
               Default added (so using `tbp') on input line 556.


LaTeX Warning: No positions in optional float specifier.
               Default added (so using `tbp') on input line 570.

<Images/COI_Classes.png, id=41, 302.12875pt x 201.75375pt>
File: Images/COI_Classes.png Graphic file (type png)
<use Images/COI_Classes.png>
Package pdftex.def Info: Images/COI_Classes.png  used on input line 588.
(pdftex.def)             Requested size: 151.064pt x 100.87662pt.
[6] [7 <c:/Users/sz460e/Documents/School/Computer Security/Assignments/Final Project/9. MSDND/Images/COI_Classes.png>]
Underfull \hbox (badness 10000) in paragraph at lines 688--690

 []


Underfull \hbox (badness 10000) in paragraph at lines 697--702

 []


Underfull \hbox (badness 10000) in paragraph at lines 697--702

 []


Underfull \hbox (badness 10000) in paragraph at lines 697--702

 []


Underfull \hbox (badness 10000) in paragraph at lines 707--710

 []


Underfull \hbox (badness 10000) in paragraph at lines 707--710

 []


Underfull \hbox (badness 10000) in paragraph at lines 719--722

 []


Underfull \hbox (badness 10000) in paragraph at lines 719--722

 []

[8]
Underfull \hbox (badness 10000) in paragraph at lines 739--740

 []


Underfull \hbox (badness 10000) in paragraph at lines 755--757
[]$\OML/cmm/m/it/10 proj\OT1/cmr/m/n/10 (\OML/cmm/m/it/10 observer\OT1/cmr/m/n/10 (\OML/cmm/m/it/10 EC\OT1/cmr/m/n/10 )\OML/cmm/m/it/10 ; scenario[]one\OT1/cmr/m/n/10 (\OML/cmm/m/it/10 MC\OT1/cmr/m/n/10 )) =
 []


Underfull \hbox (badness 10000) in paragraph at lines 755--757
\OML/cmm/m/it/10 proj\OT1/cmr/m/n/10 (\OML/cmm/m/it/10 observer\OT1/cmr/m/n/10 (\OML/cmm/m/it/10 MC\OT1/cmr/m/n/10 )\OML/cmm/m/it/10 ; scenario[]one\OT1/cmr/m/n/10 (\OML/cmm/m/it/10 MC\OT1/cmr/m/n/10 )) =
 []


Underfull \hbox (badness 10000) in paragraph at lines 755--757

 []


Underfull \hbox (badness 10000) in paragraph at lines 758--760
[]$\OML/cmm/m/it/10 proj\OT1/cmr/m/n/10 (\OML/cmm/m/it/10 observer\OT1/cmr/m/n/10 (\OML/cmm/m/it/10 EC\OT1/cmr/m/n/10 )\OML/cmm/m/it/10 ; scenario[]one\OT1/cmr/m/n/10 (\OML/cmm/m/it/10 MC\OT1/cmr/m/n/10 )) =
 []


Underfull \hbox (badness 10000) in paragraph at lines 758--760
\OML/cmm/m/it/10 proj\OT1/cmr/m/n/10 (\OML/cmm/m/it/10 observer\OT1/cmr/m/n/10 (\OML/cmm/m/it/10 MC\OT1/cmr/m/n/10 )\OML/cmm/m/it/10 ; scenario[]one\OT1/cmr/m/n/10 (\OML/cmm/m/it/10 MC\OT1/cmr/m/n/10 )) =
 []


Underfull \hbox (badness 10000) in paragraph at lines 758--760

 []


Underfull \hbox (badness 10000) in paragraph at lines 758--760

 []


Underfull \hbox (badness 5802) in paragraph at lines 761--763
[]$\OML/cmm/m/it/10 proj\OT1/cmr/m/n/10 (\OML/cmm/m/it/10 observer\OT1/cmr/m/n/10 (\OML/cmm/m/it/10 EC\OT1/cmr/m/n/10 )\OML/cmm/m/it/10 ; scenario[]two\OT1/cmr/m/n/10 (\OML/cmm/m/it/10 MC; EC\OT1/cmr/m/n/10 )) =
 []


Underfull \hbox (badness 2318) in paragraph at lines 761--763
\OML/cmm/m/it/10 proj\OT1/cmr/m/n/10 (\OML/cmm/m/it/10 observer\OT1/cmr/m/n/10 (\OML/cmm/m/it/10 MC\OT1/cmr/m/n/10 )\OML/cmm/m/it/10 ; scenario[]two\OT1/cmr/m/n/10 (\OML/cmm/m/it/10 MC; EC\OT1/cmr/m/n/10 )) =
 []


Underfull \hbox (badness 10000) in paragraph at lines 761--763

 []


Underfull \hbox (badness 10000) in paragraph at lines 769--770
[]$\OML/cmm/m/it/10 proj\OT1/cmr/m/n/10 (\OML/cmm/m/it/10 observer\OT1/cmr/m/n/10 (\OML/cmm/m/it/10 EC[]\OT1/cmr/m/n/10 )\OML/cmm/m/it/10 ; scenario[]one\OT1/cmr/m/n/10 (\OML/cmm/m/it/10 EC[]\OT1/cmr/m/n/10 )) =
 []


Underfull \hbox (badness 10000) in paragraph at lines 769--770

 []


Underfull \hbox (badness 10000) in paragraph at lines 770--772
[]$\OML/cmm/m/it/10 proj\OT1/cmr/m/n/10 (\OML/cmm/m/it/10 observer\OT1/cmr/m/n/10 (\OML/cmm/m/it/10 EC[]\OT1/cmr/m/n/10 )\OML/cmm/m/it/10 ; scenario[]one\OT1/cmr/m/n/10 (\OML/cmm/m/it/10 EC[]\OT1/cmr/m/n/10 )) =
 []


Underfull \hbox (badness 10000) in paragraph at lines 770--772

 []


Underfull \hbox (badness 10000) in paragraph at lines 790--792
[]$\OML/cmm/m/it/10 proj\OT1/cmr/m/n/10 (\OML/cmm/m/it/10 observer\OT1/cmr/m/n/10 (\OML/cmm/m/it/10 EC\OT1/cmr/m/n/10 )\OML/cmm/m/it/10 ; scenario[]one\OT1/cmr/m/n/10 (\OML/cmm/m/it/10 MC\OT1/cmr/m/n/10 )) =
 []


Underfull \hbox (badness 10000) in paragraph at lines 790--792
\OML/cmm/m/it/10 proj\OT1/cmr/m/n/10 (\OML/cmm/m/it/10 observer\OT1/cmr/m/n/10 (\OML/cmm/m/it/10 MC\OT1/cmr/m/n/10 )\OML/cmm/m/it/10 ; scenario[]one\OT1/cmr/m/n/10 (\OML/cmm/m/it/10 MC\OT1/cmr/m/n/10 )) =
 []


Underfull \hbox (badness 10000) in paragraph at lines 790--792

 []


Underfull \hbox (badness 10000) in paragraph at lines 793--795
[]$\OML/cmm/m/it/10 proj\OT1/cmr/m/n/10 (\OML/cmm/m/it/10 observer\OT1/cmr/m/n/10 (\OML/cmm/m/it/10 EC\OT1/cmr/m/n/10 )\OML/cmm/m/it/10 ; scenario[]one\OT1/cmr/m/n/10 (\OML/cmm/m/it/10 MC\OT1/cmr/m/n/10 )) =
 []


Underfull \hbox (badness 10000) in paragraph at lines 793--795
\OML/cmm/m/it/10 proj\OT1/cmr/m/n/10 (\OML/cmm/m/it/10 observer\OT1/cmr/m/n/10 (\OML/cmm/m/it/10 MC\OT1/cmr/m/n/10 )\OML/cmm/m/it/10 ; scenario[]one\OT1/cmr/m/n/10 (\OML/cmm/m/it/10 MC\OT1/cmr/m/n/10 )) =
 []


Underfull \hbox (badness 10000) in paragraph at lines 793--795

 []


Underfull \hbox (badness 10000) in paragraph at lines 793--795

 []


Underfull \hbox (badness 5802) in paragraph at lines 796--798
[]$\OML/cmm/m/it/10 proj\OT1/cmr/m/n/10 (\OML/cmm/m/it/10 observer\OT1/cmr/m/n/10 (\OML/cmm/m/it/10 EC\OT1/cmr/m/n/10 )\OML/cmm/m/it/10 ; scenario[]two\OT1/cmr/m/n/10 (\OML/cmm/m/it/10 MC; EC\OT1/cmr/m/n/10 )) =
 []


Underfull \hbox (badness 2318) in paragraph at lines 796--798
\OML/cmm/m/it/10 proj\OT1/cmr/m/n/10 (\OML/cmm/m/it/10 observer\OT1/cmr/m/n/10 (\OML/cmm/m/it/10 MC\OT1/cmr/m/n/10 )\OML/cmm/m/it/10 ; scenario[]two\OT1/cmr/m/n/10 (\OML/cmm/m/it/10 MC; EC\OT1/cmr/m/n/10 )) =
 []


Underfull \hbox (badness 10000) in paragraph at lines 796--798

 []


Overfull \hbox (20.61522pt too wide) in paragraph at lines 799--801
[]$\OML/cmm/m/it/10 proj\OT1/cmr/m/n/10 (\OML/cmm/m/it/10 observer\OT1/cmr/m/n/10 (\OML/cmm/m/it/10 EC\OT1/cmr/m/n/10 )\OML/cmm/m/it/10 ; scenario[]three\OT1/cmr/m/n/10 (\OML/cmm/m/it/10 MC; EC; FR[]\OT1/cmr/m/n/10 )) =
 []


Overfull \hbox (23.44856pt too wide) in paragraph at lines 799--801
\OML/cmm/m/it/10 proj\OT1/cmr/m/n/10 (\OML/cmm/m/it/10 observer\OT1/cmr/m/n/10 (\OML/cmm/m/it/10 MC\OT1/cmr/m/n/10 )\OML/cmm/m/it/10 ; scenario[]three\OT1/cmr/m/n/10 (\OML/cmm/m/it/10 MC; EC; FR[]\OT1/cmr/m/n/10 )) =
 []


Underfull \hbox (badness 10000) in paragraph at lines 799--801

 []


Overfull \hbox (38.7056pt too wide) in paragraph at lines 806--808
[]$\OML/cmm/m/it/10 proj\OT1/cmr/m/n/10 (\OML/cmm/m/it/10 observer\OT1/cmr/m/n/10 (\OML/cmm/m/it/10 MC[]\OT1/cmr/m/n/10 )\OML/cmm/m/it/10 ; scenario[]three\OT1/cmr/m/n/10 (\OML/cmm/m/it/10 MC[]; MC[]; FR[]\OT1/cmr/m/n/10 )) =
 []


Overfull \hbox (38.7056pt too wide) in paragraph at lines 806--808
\OML/cmm/m/it/10 proj\OT1/cmr/m/n/10 (\OML/cmm/m/it/10 observer\OT1/cmr/m/n/10 (\OML/cmm/m/it/10 MC[]\OT1/cmr/m/n/10 )\OML/cmm/m/it/10 ; scenario[]three\OT1/cmr/m/n/10 (\OML/cmm/m/it/10 MC[]; MC[]; FR[]\OT1/cmr/m/n/10 )) =
 []


Underfull \hbox (badness 10000) in paragraph at lines 806--808

 []

[9]

LaTeX Warning: No positions in optional float specifier.
               Default added (so using `tbp') on input line 820.

<Images/SDs.png, id=60, 578.16pt x 388.45125pt>
File: Images/SDs.png Graphic file (type png)
<use Images/SDs.png>
Package pdftex.def Info: Images/SDs.png  used on input line 838.
(pdftex.def)             Requested size: 248.60394pt x 167.03078pt.
[10 <c:/Users/sz460e/Documents/School/Computer Security/Assignments/Final Project/9. MSDND/Images/SDs.png>] ("c:/Users\sz460e\Documents\School\Computer Security\Assignments\Final Project\9. MSDND\whitesidesMatthew_CS6600_Project_Report.aux") ) 
Here is how much of TeX's memory you used:
 5865 strings out of 492895
 86015 string characters out of 3123268
 241698 words of memory out of 3000000
 9671 multiletter control sequences out of 15000+200000
 54571 words of font info for 128 fonts, out of 3000000 for 9000
 1144 hyphenation exceptions out of 8191
 41i,11n,40p,1107b,1649s stack positions out of 5000i,500n,10000p,200000b,50000s
{C:/Users/sz460e/AppData/Local/Programs/MiKTeX 2.9/fonts/enc/dvips/base/8r.enc}<C:/Users/sz460e/AppData/Local/Programs/MiKTeX 2.9/fonts/type1/public/amsfonts/cm/cmmi10.pfb><C:/Users/sz460e/AppData/Local/Programs/MiKTeX 2.9/fonts/type1/public/amsfonts/cm/cmmi6.pfb><C:/Users/sz460e/AppData/Local/Programs/MiKTeX 2.9/fonts/type1/public/amsfonts/cm/cmmi7.pfb><C:/Users/sz460e/AppData/Local/Programs/MiKTeX 2.9/fonts/type1/public/amsfonts/cm/cmmi8.pfb><C:/Users/sz460e/AppData/Local/Programs/MiKTeX 2.9/fonts/type1/public/amsfonts/cm/cmr10.pfb><C:/Users/sz460e/AppData/Local/Programs/MiKTeX 2.9/fonts/type1/public/amsfonts/cm/cmr6.pfb><C:/Users/sz460e/AppData/Local/Programs/MiKTeX 2.9/fonts/type1/public/amsfonts/cm/cmr7.pfb><C:/Users/sz460e/AppData/Local/Programs/MiKTeX 2.9/fonts/type1/public/amsfonts/cm/cmsy10.pfb><C:/Users/sz460e/AppData/Local/Programs/MiKTeX 2.9/fonts/type1/public/amsfonts/cm/cmsy7.pfb><C:/Users/sz460e/AppData/Local/Programs/MiKTeX 2.9/fonts/type1/public/amsfonts/cm/cmsy8.pfb><C:/Users/sz460e/AppData/Local/Programs/MiKTeX 2.9/fonts/type1/public/amsfonts/symbols/msbm10.pfb><C:/Users/sz460e/AppData/Local/Programs/MiKTeX 2.9/fonts/type1/urw/courier/ucrr8a.pfb><C:/Users/sz460e/AppData/Local/Programs/MiKTeX 2.9/fonts/type1/urw/helvetic/uhvb8a.pfb><C:/Users/sz460e/AppData/Local/Programs/MiKTeX 2.9/fonts/type1/urw/helvetic/uhvr8a.pfb><C:/Users/sz460e/AppData/Local/Programs/MiKTeX 2.9/fonts/type1/urw/helvetic/uhvro8a.pfb><C:/Users/sz460e/AppData/Local/Programs/MiKTeX 2.9/fonts/type1/urw/palatino/uplb8a.pfb><C:/Users/sz460e/AppData/Local/Programs/MiKTeX 2.9/fonts/type1/urw/palatino/uplbi8a.pfb><C:/Users/sz460e/AppData/Local/Programs/MiKTeX 2.9/fonts/type1/urw/palatino/uplr8a.pfb><C:/Users/sz460e/AppData/Local/Programs/MiKTeX 2.9/fonts/type1/urw/palatino/uplri8a.pfb><C:/Users/sz460e/AppData/Local/Programs/MiKTeX 2.9/fonts/type1/urw/zapfding/uzdr.pfb>
Output written on "c:/Users\sz460e\Documents\School\Computer Security\Assignments\Final Project\9. MSDND\whitesidesMatthew_CS6600_Project_Report.pdf" (10 pages, 345838 bytes).
PDF statistics:
 128 PDF objects out of 1000 (max. 8388607)
 0 named destinations out of 1000 (max. 500000)
 31 words of extra memory for PDF output out of 10000 (max. 10000000)

